<?xml version="1.0" encoding="UTF-8"?>
<testng-results ignored="0" total="0" passed="0" failed="0" skipped="0">
  <reporter-output>
  </reporter-output>
  <suite started-at="2025-04-28T11:51:15 PDT" name="Allure Reports" finished-at="2025-04-28T11:51:15 PDT" duration-ms="5">
    <groups>
    </groups>
    <test started-at="2025-04-28T11:51:15 PDT" name="Chrome Tests" finished-at="2025-04-28T11:51:15 PDT" duration-ms="5">
    </test> <!-- Chrome Tests -->
  </suite> <!-- Allure Reports -->
</testng-results>
